This is pdfTeX, Version 3.141592653-2.6-1.40.25 (TeX Live 2023) (preloaded format=pdflatex 2023.4.11)  26 SEP 2023 12:05
entering extended mode
 restricted \write18 enabled.
 file:line:error style messages enabled.
 %&-line parsing enabled.
**"d:/MDS/2023/4th Tri-3/DLF/Ass1/flowchart1.tex"
(d:/MDS/2023/4th Tri-3/DLF/Ass1/flowchart1.tex
LaTeX2e <2022-11-01> patch level 1
L3 programming layer <2023-03-30> (c:/Users/adity/AppData/Roaming/TinyTeX/texmf-dist/tex/latex/base/article.cls
Document Class: article 2022/07/02 v1.4n Standard LaTeX document class
(c:/Users/adity/AppData/Roaming/TinyTeX/texmf-dist/tex/latex/base/size10.clo
File: size10.clo 2022/07/02 v1.4n Standard LaTeX file (size option)
)
\c@part=\count185
\c@section=\count186
\c@subsection=\count187
\c@subsubsection=\count188
\c@paragraph=\count189
\c@subparagraph=\count190
\c@figure=\count191
\c@table=\count192
\abovecaptionskip=\skip48
\belowcaptionskip=\skip49
\bibindent=\dimen140
)

! LaTeX Error: File `tikz.sty' not found.

Type X to quit or <RETURN> to proceed,
or enter new name. (Default extension: sty)

Enter file name: 
d:/MDS/2023/4th Tri-3/DLF/Ass1/flowchart1.tex:3: Emergency stop.
<read *> 
         
l.3 \usetikzlibrary
                   {shapes,arrows}^^M
*** (cannot \read from terminal in nonstop modes)

 
Here is how much of TeX's memory you used:
 235 strings out of 477977
 3122 string characters out of 5837491
 1849660 words of memory out of 5000000
 20532 multiletter control sequences out of 15000+600000
 512287 words of font info for 32 fonts, out of 8000000 for 9000
 14 hyphenation exceptions out of 8191
 34i,0n,38p,179b,36s stack positions out of 10000i,1000n,20000p,200000b,200000s
d:/MDS/2023/4th Tri-3/DLF/Ass1/flowchart1.tex:3:  ==> Fatal error occurred, no output PDF file produced!
